mode: set
/home/mon/go/src/github.com/jose78/go-collection/collections/collection.go:42.47,44.2 1 0
/home/mon/go/src/github.com/jose78/go-collection/collections/collection.go:47.58,49.2 1 0
/home/mon/go/src/github.com/jose78/go-collection/collections/collection.go:52.54,54.2 1 1
/home/mon/go/src/github.com/jose78/go-collection/collections/collection.go:57.73,61.2 3 0
/home/mon/go/src/github.com/jose78/go-collection/collections/collection.go:64.93,69.2 4 0
/home/mon/go/src/github.com/jose78/go-collection/collections/collection.go:72.61,74.65 2 0
/home/mon/go/src/github.com/jose78/go-collection/collections/collection.go:74.65,75.13 1 0
/home/mon/go/src/github.com/jose78/go-collection/collections/collection.go:76.8,78.3 1 0
/home/mon/go/src/github.com/jose78/go-collection/collections/collection.go:82.69,84.26 2 0
/home/mon/go/src/github.com/jose78/go-collection/collections/collection.go:87.2,88.41 2 0
/home/mon/go/src/github.com/jose78/go-collection/collections/collection.go:91.2,91.18 1 0
/home/mon/go/src/github.com/jose78/go-collection/collections/collection.go:84.26,86.3 1 0
/home/mon/go/src/github.com/jose78/go-collection/collections/collection.go:88.41,90.3 1 0
/home/mon/go/src/github.com/jose78/go-collection/collections/collection.go:94.59,96.54 1 1
/home/mon/go/src/github.com/jose78/go-collection/collections/collection.go:101.2,101.8 1 1
/home/mon/go/src/github.com/jose78/go-collection/collections/collection.go:96.54,98.3 1 1
/home/mon/go/src/github.com/jose78/go-collection/collections/collection.go:98.8,100.3 1 1
/home/mon/go/src/github.com/jose78/go-collection/collections/collection.go:104.50,106.53 1 1
/home/mon/go/src/github.com/jose78/go-collection/collections/collection.go:134.2,134.14 1 0
/home/mon/go/src/github.com/jose78/go-collection/collections/collection.go:106.53,107.38 1 1
/home/mon/go/src/github.com/jose78/go-collection/collections/collection.go:118.3,118.14 1 1
/home/mon/go/src/github.com/jose78/go-collection/collections/collection.go:107.38,109.35 2 1
/home/mon/go/src/github.com/jose78/go-collection/collections/collection.go:114.4,114.22 1 1
/home/mon/go/src/github.com/jose78/go-collection/collections/collection.go:109.35,110.23 1 1
/home/mon/go/src/github.com/jose78/go-collection/collections/collection.go:110.23,112.6 1 1
/home/mon/go/src/github.com/jose78/go-collection/collections/collection.go:114.22,116.5 1 0
/home/mon/go/src/github.com/jose78/go-collection/collections/collection.go:119.8,119.59 1 0
/home/mon/go/src/github.com/jose78/go-collection/collections/collection.go:119.59,122.29 3 0
/home/mon/go/src/github.com/jose78/go-collection/collections/collection.go:125.3,126.32 2 0
/home/mon/go/src/github.com/jose78/go-collection/collections/collection.go:132.3,132.14 1 0
/home/mon/go/src/github.com/jose78/go-collection/collections/collection.go:122.29,124.4 1 0
/home/mon/go/src/github.com/jose78/go-collection/collections/collection.go:126.32,128.22 2 0
/home/mon/go/src/github.com/jose78/go-collection/collections/collection.go:128.22,130.5 1 0
/home/mon/go/src/github.com/jose78/go-collection/collections/list.go:9.58,10.32 1 1
/home/mon/go/src/github.com/jose78/go-collection/collections/list.go:15.2,15.12 1 1
/home/mon/go/src/github.com/jose78/go-collection/collections/list.go:10.32,11.62 1 1
/home/mon/go/src/github.com/jose78/go-collection/collections/list.go:11.62,13.4 1 1
/home/mon/go/src/github.com/jose78/go-collection/collections/list.go:18.89,19.15 1 1
/home/mon/go/src/github.com/jose78/go-collection/collections/list.go:34.2,35.12 2 1
/home/mon/go/src/github.com/jose78/go-collection/collections/list.go:19.15,20.31 1 1
/home/mon/go/src/github.com/jose78/go-collection/collections/list.go:20.31,23.25 2 1
/home/mon/go/src/github.com/jose78/go-collection/collections/list.go:31.4,31.32 1 1
/home/mon/go/src/github.com/jose78/go-collection/collections/list.go:24.16,25.24 1 0
/home/mon/go/src/github.com/jose78/go-collection/collections/list.go:26.15,27.12 1 1
/home/mon/go/src/github.com/jose78/go-collection/collections/list.go:28.12,29.38 1 0
/home/mon/go/src/github.com/jose78/go-collection/collections/list.go:38.111,39.15 1 1
/home/mon/go/src/github.com/jose78/go-collection/collections/list.go:54.2,55.24 2 1
/home/mon/go/src/github.com/jose78/go-collection/collections/list.go:39.15,40.31 1 1
/home/mon/go/src/github.com/jose78/go-collection/collections/list.go:40.31,43.25 2 1
/home/mon/go/src/github.com/jose78/go-collection/collections/list.go:51.4,51.32 1 1
/home/mon/go/src/github.com/jose78/go-collection/collections/list.go:44.16,45.24 1 0
/home/mon/go/src/github.com/jose78/go-collection/collections/list.go:46.15,47.12 1 1
/home/mon/go/src/github.com/jose78/go-collection/collections/list.go:48.12,49.38 1 0
/home/mon/go/src/github.com/jose78/go-collection/collections/list.go:59.75,64.32 5 1
/home/mon/go/src/github.com/jose78/go-collection/collections/list.go:81.2,81.15 1 1
/home/mon/go/src/github.com/jose78/go-collection/collections/list.go:86.2,86.20 1 1
/home/mon/go/src/github.com/jose78/go-collection/collections/list.go:64.32,66.26 2 1
/home/mon/go/src/github.com/jose78/go-collection/collections/list.go:70.3,70.17 1 1
/home/mon/go/src/github.com/jose78/go-collection/collections/list.go:79.3,79.10 1 1
/home/mon/go/src/github.com/jose78/go-collection/collections/list.go:66.26,69.4 2 1
/home/mon/go/src/github.com/jose78/go-collection/collections/list.go:70.17,72.4 1 1
/home/mon/go/src/github.com/jose78/go-collection/collections/list.go:72.9,73.17 1 1
/home/mon/go/src/github.com/jose78/go-collection/collections/list.go:73.17,75.5 1 1
/home/mon/go/src/github.com/jose78/go-collection/collections/list.go:75.10,77.5 1 1
/home/mon/go/src/github.com/jose78/go-collection/collections/list.go:81.15,83.3 1 1
/home/mon/go/src/github.com/jose78/go-collection/collections/list.go:83.8,85.3 1 1
/home/mon/go/src/github.com/jose78/go-collection/collections/list.go:90.60,93.29 3 1
/home/mon/go/src/github.com/jose78/go-collection/collections/list.go:97.2,97.15 1 1
/home/mon/go/src/github.com/jose78/go-collection/collections/list.go:93.29,96.3 2 1
/home/mon/go/src/github.com/jose78/go-collection/collections/list.go:101.41,103.50 2 1
/home/mon/go/src/github.com/jose78/go-collection/collections/list.go:106.2,106.12 1 1
/home/mon/go/src/github.com/jose78/go-collection/collections/list.go:103.50,105.3 1 1
/home/mon/go/src/github.com/jose78/go-collection/collections/list.go:110.58,112.28 2 0
/home/mon/go/src/github.com/jose78/go-collection/collections/list.go:117.2,117.15 1 0
/home/mon/go/src/github.com/jose78/go-collection/collections/list.go:112.28,113.15 1 0
/home/mon/go/src/github.com/jose78/go-collection/collections/list.go:113.15,115.4 1 0
/home/mon/go/src/github.com/jose78/go-collection/collections/list.go:121.77,122.45 1 1
/home/mon/go/src/github.com/jose78/go-collection/collections/list.go:129.2,129.21 1 0
/home/mon/go/src/github.com/jose78/go-collection/collections/list.go:122.45,123.70 1 1
/home/mon/go/src/github.com/jose78/go-collection/collections/list.go:123.70,125.4 1 1
/home/mon/go/src/github.com/jose78/go-collection/collections/list.go:125.9,125.18 1 1
/home/mon/go/src/github.com/jose78/go-collection/collections/list.go:125.18,127.4 1 1
/home/mon/go/src/github.com/jose78/go-collection/collections/list.go:132.99,133.15 1 1
/home/mon/go/src/github.com/jose78/go-collection/collections/list.go:148.2,149.18 2 1
/home/mon/go/src/github.com/jose78/go-collection/collections/list.go:133.15,134.31 1 1
/home/mon/go/src/github.com/jose78/go-collection/collections/list.go:134.31,137.25 2 1
/home/mon/go/src/github.com/jose78/go-collection/collections/list.go:145.4,145.32 1 1
/home/mon/go/src/github.com/jose78/go-collection/collections/list.go:138.16,139.24 1 0
/home/mon/go/src/github.com/jose78/go-collection/collections/list.go:140.15,141.12 1 1
/home/mon/go/src/github.com/jose78/go-collection/collections/list.go:142.12,143.38 1 0
/home/mon/go/src/github.com/jose78/go-collection/collections/list.go:153.76,154.50 1 1
/home/mon/go/src/github.com/jose78/go-collection/collections/list.go:161.2,161.21 1 0
/home/mon/go/src/github.com/jose78/go-collection/collections/list.go:154.50,155.70 1 1
/home/mon/go/src/github.com/jose78/go-collection/collections/list.go:155.70,157.4 1 1
/home/mon/go/src/github.com/jose78/go-collection/collections/list.go:157.9,157.18 1 1
/home/mon/go/src/github.com/jose78/go-collection/collections/list.go:157.18,159.4 1 1
/home/mon/go/src/github.com/jose78/go-collection/collections/map.go:7.101,8.15 1 1
/home/mon/go/src/github.com/jose78/go-collection/collections/map.go:22.2,23.12 2 1
/home/mon/go/src/github.com/jose78/go-collection/collections/map.go:8.15,9.31 1 1
/home/mon/go/src/github.com/jose78/go-collection/collections/map.go:9.31,12.25 1 1
/home/mon/go/src/github.com/jose78/go-collection/collections/map.go:13.16,14.24 1 1
/home/mon/go/src/github.com/jose78/go-collection/collections/map.go:15.15,16.12 1 0
/home/mon/go/src/github.com/jose78/go-collection/collections/map.go:17.12,18.38 1 0
/home/mon/go/src/github.com/jose78/go-collection/collections/map.go:27.55,30.34 2 1
/home/mon/go/src/github.com/jose78/go-collection/collections/map.go:36.2,36.12 1 1
/home/mon/go/src/github.com/jose78/go-collection/collections/map.go:30.34,31.71 1 1
/home/mon/go/src/github.com/jose78/go-collection/collections/map.go:34.3,34.10 1 1
/home/mon/go/src/github.com/jose78/go-collection/collections/map.go:31.71,33.4 1 1
/home/mon/go/src/github.com/jose78/go-collection/collections/map.go:39.124,40.15 1 1
/home/mon/go/src/github.com/jose78/go-collection/collections/map.go:54.2,55.8 2 1
/home/mon/go/src/github.com/jose78/go-collection/collections/map.go:40.15,41.31 1 1
/home/mon/go/src/github.com/jose78/go-collection/collections/map.go:41.31,44.25 1 1
/home/mon/go/src/github.com/jose78/go-collection/collections/map.go:45.16,46.24 1 1
/home/mon/go/src/github.com/jose78/go-collection/collections/map.go:47.15,48.12 1 0
/home/mon/go/src/github.com/jose78/go-collection/collections/map.go:49.12,50.38 1 0
/home/mon/go/src/github.com/jose78/go-collection/collections/map.go:59.76,65.42 6 1
/home/mon/go/src/github.com/jose78/go-collection/collections/map.go:82.2,82.14 1 1
/home/mon/go/src/github.com/jose78/go-collection/collections/map.go:87.2,87.20 1 1
/home/mon/go/src/github.com/jose78/go-collection/collections/map.go:65.42,67.25 2 1
/home/mon/go/src/github.com/jose78/go-collection/collections/map.go:71.3,71.17 1 1
/home/mon/go/src/github.com/jose78/go-collection/collections/map.go:80.3,80.10 1 1
/home/mon/go/src/github.com/jose78/go-collection/collections/map.go:67.25,70.4 2 1
/home/mon/go/src/github.com/jose78/go-collection/collections/map.go:71.17,73.4 1 1
/home/mon/go/src/github.com/jose78/go-collection/collections/map.go:73.9,74.16 1 1
/home/mon/go/src/github.com/jose78/go-collection/collections/map.go:74.16,76.5 1 0
/home/mon/go/src/github.com/jose78/go-collection/collections/map.go:76.9,78.5 1 1
/home/mon/go/src/github.com/jose78/go-collection/collections/map.go:82.14,84.3 1 0
/home/mon/go/src/github.com/jose78/go-collection/collections/map.go:84.7,86.3 1 1
/home/mon/go/src/github.com/jose78/go-collection/collections/map.go:91.58,93.34 2 1
/home/mon/go/src/github.com/jose78/go-collection/collections/map.go:98.2,98.15 1 1
/home/mon/go/src/github.com/jose78/go-collection/collections/map.go:93.34,94.21 1 1
/home/mon/go/src/github.com/jose78/go-collection/collections/map.go:94.21,96.4 1 1
/home/mon/go/src/github.com/jose78/go-collection/collections/map.go:102.46,104.32 2 1
/home/mon/go/src/github.com/jose78/go-collection/collections/map.go:107.2,107.13 1 1
/home/mon/go/src/github.com/jose78/go-collection/collections/map.go:104.32,106.3 1 1
/home/mon/go/src/github.com/jose78/go-collection/collections/map.go:111.44,113.27 2 1
/home/mon/go/src/github.com/jose78/go-collection/collections/map.go:116.2,116.13 1 1
/home/mon/go/src/github.com/jose78/go-collection/collections/map.go:113.27,115.3 1 1
