mode: atomic
github.com/jose78/go-collection/collections/collection.go:42.47,44.2 1 0
github.com/jose78/go-collection/collections/collection.go:47.58,49.2 1 0
github.com/jose78/go-collection/collections/collection.go:52.54,54.2 1 24
github.com/jose78/go-collection/collections/collection.go:57.72,61.2 3 0
github.com/jose78/go-collection/collections/collection.go:63.93,68.2 4 0
github.com/jose78/go-collection/collections/collection.go:71.61,73.62 2 0
github.com/jose78/go-collection/collections/collection.go:73.62,74.13 1 0
github.com/jose78/go-collection/collections/collection.go:75.8,77.3 1 0
github.com/jose78/go-collection/collections/collection.go:81.69,83.26 2 0
github.com/jose78/go-collection/collections/collection.go:86.2,87.41 2 0
github.com/jose78/go-collection/collections/collection.go:90.2,90.18 1 0
github.com/jose78/go-collection/collections/collection.go:83.26,85.3 1 0
github.com/jose78/go-collection/collections/collection.go:87.41,89.3 1 0
github.com/jose78/go-collection/collections/collection.go:93.59,95.54 1 3
github.com/jose78/go-collection/collections/collection.go:100.2,100.8 1 3
github.com/jose78/go-collection/collections/collection.go:95.54,97.3 1 2
github.com/jose78/go-collection/collections/collection.go:97.8,99.3 1 1
github.com/jose78/go-collection/collections/collection.go:103.50,105.53 1 4
github.com/jose78/go-collection/collections/collection.go:133.2,133.14 1 0
github.com/jose78/go-collection/collections/collection.go:105.53,106.38 1 4
github.com/jose78/go-collection/collections/collection.go:117.3,117.14 1 4
github.com/jose78/go-collection/collections/collection.go:106.38,108.35 2 12
github.com/jose78/go-collection/collections/collection.go:113.4,113.22 1 12
github.com/jose78/go-collection/collections/collection.go:108.35,109.23 1 36
github.com/jose78/go-collection/collections/collection.go:109.23,111.6 1 24
github.com/jose78/go-collection/collections/collection.go:113.22,115.5 1 0
github.com/jose78/go-collection/collections/collection.go:118.8,118.59 1 0
github.com/jose78/go-collection/collections/collection.go:118.59,121.29 3 0
github.com/jose78/go-collection/collections/collection.go:124.3,125.32 2 0
github.com/jose78/go-collection/collections/collection.go:131.3,131.14 1 0
github.com/jose78/go-collection/collections/collection.go:121.29,123.4 1 0
github.com/jose78/go-collection/collections/collection.go:125.32,127.22 2 0
github.com/jose78/go-collection/collections/collection.go:127.22,129.5 1 0
github.com/jose78/go-collection/collections/list.go:9.58,10.32 1 2
github.com/jose78/go-collection/collections/list.go:15.2,15.12 1 1
github.com/jose78/go-collection/collections/list.go:10.32,11.62 1 102
github.com/jose78/go-collection/collections/list.go:11.62,13.4 1 1
github.com/jose78/go-collection/collections/list.go:18.89,19.15 1 102
github.com/jose78/go-collection/collections/list.go:34.2,35.12 2 102
github.com/jose78/go-collection/collections/list.go:19.15,20.31 1 102
github.com/jose78/go-collection/collections/list.go:20.31,23.25 2 1
github.com/jose78/go-collection/collections/list.go:31.4,31.32 1 1
github.com/jose78/go-collection/collections/list.go:24.16,25.24 1 0
github.com/jose78/go-collection/collections/list.go:26.15,27.12 1 1
github.com/jose78/go-collection/collections/list.go:28.12,29.38 1 0
github.com/jose78/go-collection/collections/list.go:38.111,39.15 1 9
github.com/jose78/go-collection/collections/list.go:54.2,55.24 2 9
github.com/jose78/go-collection/collections/list.go:39.15,40.31 1 9
github.com/jose78/go-collection/collections/list.go:40.31,43.25 2 1
github.com/jose78/go-collection/collections/list.go:51.4,51.32 1 1
github.com/jose78/go-collection/collections/list.go:44.16,45.24 1 0
github.com/jose78/go-collection/collections/list.go:46.15,47.12 1 1
github.com/jose78/go-collection/collections/list.go:48.12,49.38 1 0
github.com/jose78/go-collection/collections/list.go:59.75,64.32 5 4
github.com/jose78/go-collection/collections/list.go:79.2,79.15 1 3
github.com/jose78/go-collection/collections/list.go:84.2,84.20 1 3
github.com/jose78/go-collection/collections/list.go:64.32,66.26 2 9
github.com/jose78/go-collection/collections/list.go:70.3,70.17 1 9
github.com/jose78/go-collection/collections/list.go:73.3,73.16 1 8
github.com/jose78/go-collection/collections/list.go:66.26,69.4 2 4
github.com/jose78/go-collection/collections/list.go:70.17,72.4 1 1
github.com/jose78/go-collection/collections/list.go:73.16,75.4 1 2
github.com/jose78/go-collection/collections/list.go:75.9,77.4 1 6
github.com/jose78/go-collection/collections/list.go:79.15,81.3 1 1
github.com/jose78/go-collection/collections/list.go:81.8,83.3 1 2
github.com/jose78/go-collection/collections/list.go:88.60,91.29 3 1
github.com/jose78/go-collection/collections/list.go:95.2,95.15 1 1
github.com/jose78/go-collection/collections/list.go:91.29,94.3 2 2
github.com/jose78/go-collection/collections/list.go:99.41,101.50 2 2
github.com/jose78/go-collection/collections/list.go:104.2,104.12 1 2
github.com/jose78/go-collection/collections/list.go:101.50,103.3 1 4
github.com/jose78/go-collection/collections/list.go:108.67,110.45 2 2
github.com/jose78/go-collection/collections/list.go:117.2,117.20 1 1
github.com/jose78/go-collection/collections/list.go:110.45,111.70 1 14
github.com/jose78/go-collection/collections/list.go:111.70,113.4 1 1
github.com/jose78/go-collection/collections/list.go:113.9,113.18 1 13
github.com/jose78/go-collection/collections/list.go:113.18,115.4 1 3
github.com/jose78/go-collection/collections/list.go:121.77,122.45 1 2
github.com/jose78/go-collection/collections/list.go:129.2,129.21 1 0
github.com/jose78/go-collection/collections/list.go:122.45,123.70 1 8
github.com/jose78/go-collection/collections/list.go:123.70,125.4 1 1
github.com/jose78/go-collection/collections/list.go:125.9,125.18 1 7
github.com/jose78/go-collection/collections/list.go:125.18,127.4 1 1
github.com/jose78/go-collection/collections/list.go:132.99,133.15 1 26
github.com/jose78/go-collection/collections/list.go:148.2,149.18 2 26
github.com/jose78/go-collection/collections/list.go:133.15,134.31 1 26
github.com/jose78/go-collection/collections/list.go:134.31,137.25 2 3
github.com/jose78/go-collection/collections/list.go:145.4,145.32 1 3
github.com/jose78/go-collection/collections/list.go:138.16,139.24 1 0
github.com/jose78/go-collection/collections/list.go:140.15,141.12 1 3
github.com/jose78/go-collection/collections/list.go:142.12,143.38 1 0
github.com/jose78/go-collection/collections/list.go:153.76,154.50 1 2
github.com/jose78/go-collection/collections/list.go:161.2,161.21 1 0
github.com/jose78/go-collection/collections/list.go:154.50,155.70 1 4
github.com/jose78/go-collection/collections/list.go:155.70,157.4 1 1
github.com/jose78/go-collection/collections/list.go:157.9,157.18 1 3
github.com/jose78/go-collection/collections/list.go:157.18,159.4 1 1
github.com/jose78/go-collection/collections/map.go:8.101,9.15 1 4
github.com/jose78/go-collection/collections/map.go:23.2,24.12 2 4
github.com/jose78/go-collection/collections/map.go:9.15,10.31 1 4
github.com/jose78/go-collection/collections/map.go:10.31,13.25 1 1
github.com/jose78/go-collection/collections/map.go:14.16,15.24 1 1
github.com/jose78/go-collection/collections/map.go:16.15,17.12 1 0
github.com/jose78/go-collection/collections/map.go:18.12,19.38 1 0
github.com/jose78/go-collection/collections/map.go:28.55,31.34 2 2
github.com/jose78/go-collection/collections/map.go:37.2,37.12 1 1
github.com/jose78/go-collection/collections/map.go:31.34,32.71 1 4
github.com/jose78/go-collection/collections/map.go:35.3,35.10 1 3
github.com/jose78/go-collection/collections/map.go:32.71,34.4 1 1
github.com/jose78/go-collection/collections/map.go:40.124,41.15 1 9
github.com/jose78/go-collection/collections/map.go:55.2,56.8 2 9
github.com/jose78/go-collection/collections/map.go:41.15,42.31 1 9
github.com/jose78/go-collection/collections/map.go:42.31,45.25 1 1
github.com/jose78/go-collection/collections/map.go:46.16,47.24 1 1
github.com/jose78/go-collection/collections/map.go:48.15,49.12 1 0
github.com/jose78/go-collection/collections/map.go:50.12,51.38 1 0
github.com/jose78/go-collection/collections/map.go:60.76,66.42 6 3
github.com/jose78/go-collection/collections/map.go:82.2,82.15 1 2
github.com/jose78/go-collection/collections/map.go:87.2,87.20 1 2
github.com/jose78/go-collection/collections/map.go:66.42,68.26 2 9
github.com/jose78/go-collection/collections/map.go:72.3,72.17 1 9
github.com/jose78/go-collection/collections/map.go:75.3,75.16 1 8
github.com/jose78/go-collection/collections/map.go:80.3,80.10 1 8
github.com/jose78/go-collection/collections/map.go:68.26,71.4 2 3
github.com/jose78/go-collection/collections/map.go:72.17,74.4 1 1
github.com/jose78/go-collection/collections/map.go:75.16,77.4 1 0
github.com/jose78/go-collection/collections/map.go:77.9,79.4 1 8
github.com/jose78/go-collection/collections/map.go:82.15,84.3 1 0
github.com/jose78/go-collection/collections/map.go:84.8,86.3 1 2
github.com/jose78/go-collection/collections/map.go:90.107,91.15 1 4
github.com/jose78/go-collection/collections/map.go:106.2,107.18 2 4
github.com/jose78/go-collection/collections/map.go:91.15,92.31 1 4
github.com/jose78/go-collection/collections/map.go:92.31,95.25 2 1
github.com/jose78/go-collection/collections/map.go:103.4,103.32 1 1
github.com/jose78/go-collection/collections/map.go:96.16,97.24 1 1
github.com/jose78/go-collection/collections/map.go:98.15,99.12 1 0
github.com/jose78/go-collection/collections/map.go:100.12,101.38 1 0
github.com/jose78/go-collection/collections/map.go:111.67,113.34 2 2
github.com/jose78/go-collection/collections/map.go:122.2,122.20 1 1
github.com/jose78/go-collection/collections/map.go:113.34,115.17 2 4
github.com/jose78/go-collection/collections/map.go:118.3,118.11 1 3
github.com/jose78/go-collection/collections/map.go:115.17,117.4 1 1
github.com/jose78/go-collection/collections/map.go:118.11,120.4 1 2
github.com/jose78/go-collection/collections/map.go:126.46,128.32 2 1
github.com/jose78/go-collection/collections/map.go:131.2,131.13 1 1
github.com/jose78/go-collection/collections/map.go:128.32,130.3 1 3
github.com/jose78/go-collection/collections/map.go:135.44,137.27 2 1
github.com/jose78/go-collection/collections/map.go:140.2,140.13 1 1
github.com/jose78/go-collection/collections/map.go:137.27,139.3 1 3
