mode: set
github.com/jose78/go-collection/collections.go:49.36,51.2 1 1
github.com/jose78/go-collection/collections.go:56.73,57.15 1 1
github.com/jose78/go-collection/collections.go:57.15,59.3 1 1
github.com/jose78/go-collection/collections.go:60.2,60.10 1 1
github.com/jose78/go-collection/collections.go:69.60,71.48 2 1
github.com/jose78/go-collection/collections.go:71.48,72.24 1 1
github.com/jose78/go-collection/collections.go:72.24,73.36 1 1
github.com/jose78/go-collection/collections.go:73.36,79.5 2 1
github.com/jose78/go-collection/collections.go:81.3,81.34 1 1
github.com/jose78/go-collection/collections.go:83.2,83.16 1 1
github.com/jose78/go-collection/collections.go:83.16,86.37 3 1
github.com/jose78/go-collection/collections.go:86.37,91.4 4 1
github.com/jose78/go-collection/collections.go:92.8,93.38 1 1
github.com/jose78/go-collection/collections.go:93.38,94.45 1 1
github.com/jose78/go-collection/collections.go:94.45,95.10 1 1
github.com/jose78/go-collection/collections.go:97.4,97.44 1 1
github.com/jose78/go-collection/collections.go:97.44,98.10 1 0
github.com/jose78/go-collection/collections.go:100.4,100.25 1 1
github.com/jose78/go-collection/collections.go:103.2,103.19 1 1
github.com/jose78/go-collection/collections.go:113.81,115.30 2 1
github.com/jose78/go-collection/collections.go:115.30,118.3 2 0
github.com/jose78/go-collection/collections.go:119.2,119.27 1 1
github.com/jose78/go-collection/collections.go:119.27,120.24 1 1
github.com/jose78/go-collection/collections.go:120.24,121.32 1 1
github.com/jose78/go-collection/collections.go:121.32,124.5 2 0
github.com/jose78/go-collection/collections.go:126.3,126.26 1 1
github.com/jose78/go-collection/collections.go:128.2,128.10 1 1
github.com/jose78/go-collection/collections.go:134.31,137.2 2 1
github.com/jose78/go-collection/collections.go:144.32,145.17 1 1
github.com/jose78/go-collection/collections.go:145.17,149.37 4 1
github.com/jose78/go-collection/collections.go:149.37,151.81 2 1
github.com/jose78/go-collection/collections.go:151.81,154.5 2 1
github.com/jose78/go-collection/collections.go:154.10,156.5 1 0
github.com/jose78/go-collection/collections.go:157.9,159.4 1 1
github.com/jose78/go-collection/collections.go:160.8,165.3 4 1
github.com/jose78/go-collection/collections.go:174.78,175.49 1 1
github.com/jose78/go-collection/collections.go:175.49,176.22 1 1
github.com/jose78/go-collection/collections.go:176.22,178.4 1 1
github.com/jose78/go-collection/collections.go:180.2,180.35 1 1
github.com/jose78/go-collection/collections.go:190.69,191.49 1 1
github.com/jose78/go-collection/collections.go:191.49,194.3 2 1
github.com/jose78/go-collection/collections.go:195.2,195.35 1 1
github.com/jose78/go-collection/collections.go:225.83,226.49 1 1
github.com/jose78/go-collection/collections.go:226.49,230.3 3 1
github.com/jose78/go-collection/collections.go:231.2,231.35 1 1
